<?xml version="1.0" encoding="UTF-8"?>
<testng-results ignored="0" total="1" passed="1" failed="0" skipped="0">
  <reporter-output>
  </reporter-output>
  <suite started-at="2019-09-28T15:40:12 MSK" name="Surefire suite" finished-at="2019-09-28T15:40:13 MSK" duration-ms="108">
    <groups>
    </groups>
    <test started-at="2019-09-28T15:40:12 MSK" name="Surefire test" finished-at="2019-09-28T15:40:13 MSK" duration-ms="108">
      <class name="com.web.AppTest">
        <test-method signature="shouldAnswerWithTrue()" started-at="2019-09-28T15:40:13 MSK" name="shouldAnswerWithTrue" finished-at="2019-09-28T15:40:13 MSK" duration-ms="17" status="PASS">
          <reporter-output>
          </reporter-output>
        </test-method> <!-- shouldAnswerWithTrue -->
      </class> <!-- com.web.AppTest -->
    </test> <!-- Surefire test -->
  </suite> <!-- Surefire suite -->
</testng-results>
